-------------------------------------------------------------------------------
Test set: runners.TestNGRunner
-------------------------------------------------------------------------------
Tests run: 1, Failures: 1, Errors: 0, Skipped: 0, Time elapsed: 11.775 s <<< FAILURE! - in runners.TestNGRunner
runScenario(runners.TestNGRunner)  Time elapsed: 6.304 s  <<< FAILURE!
java.lang.AssertionError:  Book is not added expected [201] but found [401]

